[2025-07-01T04:20:18.795] [DEBUG] cheese - login => username:admin,password:123456
[2025-07-01T04:20:18.797] [DEBUG] cheese - admin
[2025-07-01T04:20:18.820] [DEBUG] cheese - null
[2025-07-01T04:20:18.821] [DEBUG] cheese - null
[2025-07-01T04:22:52.154] [DEBUG] cheese - login => username:admin,password:123456
[2025-07-01T04:22:52.156] [DEBUG] cheese - admin
[2025-07-01T04:22:52.167] [DEBUG] cheese - null
[2025-07-01T04:22:52.167] [DEBUG] cheese - null
[2025-07-01T04:24:05.965] [DEBUG] cheese - login => username:admin,password:123456
[2025-07-01T04:24:05.965] [DEBUG] cheese - admin
[2025-07-01T04:24:05.967] [DEBUG] cheese - null
[2025-07-01T04:24:05.967] [DEBUG] cheese - null
[2025-07-01T04:24:15.094] [DEBUG] cheese - login => username:admin,password:123456
[2025-07-01T04:24:15.095] [DEBUG] cheese - admin
[2025-07-01T04:24:15.097] [DEBUG] cheese - null
[2025-07-01T04:24:15.097] [DEBUG] cheese - null
[2025-07-01T04:24:28.369] [DEBUG] cheese - login => username:admin,password:123456
[2025-07-01T04:24:28.369] [DEBUG] cheese - admin
[2025-07-01T04:24:28.372] [DEBUG] cheese - null
[2025-07-01T04:24:28.372] [DEBUG] cheese - null
[2025-07-01T04:29:17.561] [DEBUG] cheese - login => username:admin,password:123456
[2025-07-01T04:29:17.562] [DEBUG] cheese - admin
[2025-07-01T04:29:17.573] [DEBUG] cheese - null
[2025-07-01T04:29:17.574] [DEBUG] cheese - null
[2025-07-01T04:34:56.025] [DEBUG] cheese - login => username:zce,password:123456
[2025-07-01T04:34:56.026] [DEBUG] cheese - zce
[2025-07-01T04:34:56.028] [DEBUG] cheese - null
[2025-07-01T04:34:56.028] [DEBUG] cheese - null
[2025-07-01T04:35:03.529] [DEBUG] cheese - login => username:admin,password:123456
[2025-07-01T04:35:03.529] [DEBUG] cheese - admin
[2025-07-01T04:35:03.532] [DEBUG] cheese - null
[2025-07-01T04:35:03.533] [DEBUG] cheese - null
[2025-07-01T04:43:49.460] [DEBUG] cheese - login => username:root,password:123456
[2025-07-01T04:43:49.460] [DEBUG] cheese - root
[2025-07-01T04:43:49.463] [DEBUG] cheese - null
[2025-07-01T04:43:49.464] [DEBUG] cheese - null
[2025-07-01T04:43:53.963] [DEBUG] cheese - login => username:admin,password:123456
[2025-07-01T04:43:53.963] [DEBUG] cheese - admin
[2025-07-01T04:43:53.965] [DEBUG] cheese - null
[2025-07-01T04:43:53.965] [DEBUG] cheese - null
[2025-07-01T04:48:44.567] [DEBUG] cheese - login => username:admin,password:123456
[2025-07-01T04:48:44.568] [DEBUG] cheese - admin
[2025-07-01T04:48:44.581] [DEBUG] cheese - null
[2025-07-01T04:48:44.581] [DEBUG] cheese - null
[2025-07-01T04:50:07.987] [DEBUG] cheese - login => username:admin,password:123456
[2025-07-01T04:50:07.989] [DEBUG] cheese - admin
[2025-07-01T04:50:08.006] [DEBUG] cheese - null
[2025-07-01T04:50:08.007] [DEBUG] cheese - null
[2025-07-01T14:13:32.660] [DEBUG] cheese - login => username:admin,password:123456
[2025-07-01T14:13:32.661] [DEBUG] cheese - admin
[2025-07-01T14:13:32.671] [DEBUG] cheese - null
[2025-07-01T14:13:32.672] [DEBUG] cheese - null
[2025-07-01T14:14:20.564] [DEBUG] cheese - login => username:admin,password:123456
[2025-07-01T14:14:20.565] [DEBUG] cheese - admin
[2025-07-01T14:14:20.567] [DEBUG] cheese - null
[2025-07-01T14:14:20.567] [DEBUG] cheese - null
[2025-07-01T14:22:25.777] [DEBUG] cheese - login => username:admin,password:123456
[2025-07-01T14:22:25.780] [DEBUG] cheese - admin
[2025-07-01T14:22:25.797] [DEBUG] cheese - null
[2025-07-01T14:22:25.798] [DEBUG] cheese - null
[2025-07-01T14:24:48.053] [DEBUG] cheese - login => username:admin,password:123456
[2025-07-01T14:24:48.055] [DEBUG] cheese - admin
[2025-07-01T14:24:48.077] [DEBUG] cheese - null
[2025-07-01T14:24:48.077] [DEBUG] cheese - null
[2025-07-01T14:26:05.445] [DEBUG] cheese - login => username:admin,password:123456
[2025-07-01T14:26:05.447] [DEBUG] cheese - admin
[2025-07-01T14:26:05.457] [DEBUG] cheese - null
[2025-07-01T14:26:05.458] [DEBUG] cheese - null
[2025-07-01T14:27:34.807] [DEBUG] cheese - login => username:admin,password:123456
[2025-07-01T14:27:34.809] [DEBUG] cheese - admin
[2025-07-01T14:27:34.829] [DEBUG] cheese - null
[2025-07-01T14:27:34.830] [DEBUG] cheese - null
[2025-07-01T14:27:47.572] [DEBUG] cheese - login => username:admin,password:123456
[2025-07-01T14:27:47.574] [DEBUG] cheese - admin
[2025-07-01T14:27:47.612] [DEBUG] cheese - null
[2025-07-01T14:27:47.612] [DEBUG] cheese - null
[2025-07-01T14:28:00.746] [DEBUG] cheese - login => username:admin,password:123456
[2025-07-01T14:28:00.746] [DEBUG] cheese - admin
[2025-07-01T14:28:00.749] [DEBUG] cheese - null
[2025-07-01T14:28:00.749] [DEBUG] cheese - null
[2025-07-01T14:28:10.005] [DEBUG] cheese - login => username:admin,password:123456
[2025-07-01T14:28:10.006] [DEBUG] cheese - admin
[2025-07-01T14:28:10.015] [DEBUG] cheese - null
[2025-07-01T14:28:10.016] [DEBUG] cheese - null
